2025-12-17 23:43:28,582 - INFO - Ingestionbegin_inventory.csv in db
2025-12-17 23:43:31,306 - INFO - Ingestionend_inventory.csv in db
2025-12-17 23:43:41,034 - INFO - Ingestionpurchases.csv in db
2025-12-17 23:44:24,133 - INFO - Ingestionpurchase_prices.csv in db
2025-12-17 23:44:51,787 - INFO - Ingestionsales.csv in db
2025-12-17 23:49:13,817 - INFO - Ingestionbegin_inventory.csv in db
2025-12-17 23:49:15,974 - INFO - Ingestionend_inventory.csv in db
2025-12-17 23:49:25,114 - INFO - Ingestionpurchases.csv in db
2025-12-17 23:50:14,800 - INFO - Ingestionpurchase_prices.csv in db
2025-12-17 23:50:38,451 - INFO - Ingestionsales.csv in db
2025-12-17 23:52:25,623 - INFO - Ingestionvendor_invoice.csv in db
2025-12-17 23:52:25,811 - INFO - Ingestion Complete
2025-12-17 23:52:25,811 - INFO - 
Total Time Taken : 8.962014810244243 minutes
2025-12-18 00:05:08,508 - INFO - Ingestionbegin_inventory.csv in db
2025-12-18 00:05:19,386 - INFO - Ingestionend_inventory.csv in db
2025-12-18 00:05:37,235 - INFO - Ingestionpurchases.csv in db
2025-12-18 00:08:35,011 - INFO - Ingestionpurchase_prices.csv in db
2025-12-18 00:09:04,449 - INFO - Ingestionsales.csv in db
2025-12-18 00:31:35,554 - INFO - Ingestionbegin_inventory.csv in db
2025-12-18 00:31:47,285 - INFO - Ingestionend_inventory.csv in db
2025-12-18 00:32:04,394 - INFO - Ingestionpurchases.csv in db
2025-12-18 00:34:41,581 - INFO - Ingestionvendor_invoice.csv in db
2025-12-18 00:34:42,096 - INFO - Ingestion Complete
2025-12-18 00:34:42,096 - INFO - 
Total Time Taken : 29.566496642430625 minutes
2025-12-18 01:21:54,070 - INFO - Ingestionbegin_inventory.csv in db
2025-12-18 01:22:05,594 - INFO - Ingestionend_inventory.csv in db
2025-12-18 01:22:32,733 - INFO - Ingestionpurchases.csv in db
2025-12-18 01:26:25,154 - INFO - Ingestionpurchase_prices.csv in db
2025-12-18 02:29:37,706 - INFO - Ingestion Complete
2025-12-18 02:29:37,706 - INFO - 
Total Time Taken : 10.795901413758596 minutes
2025-12-18 02:50:08,405 - INFO - Ingestion Complete
2025-12-18 02:50:08,405 - INFO - 
Total Time Taken : 8.840765058994293 minutes
2025-12-18 03:01:12,388 - INFO - Ingestion Complete
2025-12-18 03:01:12,388 - INFO - 
Total Time Taken : 11.054749290148417 minutes
2025-12-18 12:26:49,096 - INFO - Ingestion Complete
2025-12-18 12:26:49,096 - INFO - 
Total Time Taken : 22.635061971346538 minutes
2025-12-19 22:29:03,406 - INFO - Ingestion Complete
2025-12-19 22:29:03,406 - INFO - 
Total Time Taken : 7.586319422721862 minutes
2025-12-20 02:05:07,273 - INFO - Ingestionbegin_inventory.csv in db
2025-12-20 02:05:12,942 - INFO - Ingestionend_inventory.csv in db
2025-12-20 02:05:21,183 - INFO - Ingestionpurchases.csv in db
2025-12-20 02:06:45,257 - INFO - Ingestionpurchase_prices.csv in db
2025-12-20 02:06:57,045 - INFO - Ingestionsales.csv in db
2025-12-20 02:26:00,837 - INFO - Ingestionvendor_invoice.csv in db
2025-12-20 02:26:01,344 - INFO - Ingestion Complete
2025-12-20 02:26:01,344 - INFO - 
Total Time Taken : 20.904312964280447 minutes
